SF:lib/src/mixins/update_language.dart
DA:3,1
LF:1
LH:1
end_of_record
SF:lib/src/extensions/language_helper_extension.dart
DA:5,3
DA:12,1
DA:13,2
DA:20,1
DA:21,2
DA:25,1
DA:26,1
DA:27,1
LF:8
LH:8
end_of_record
SF:lib/src/extensions/serializer_extension.dart
DA:8,3
DA:11,2
DA:14,3
DA:17,1
DA:18,1
LF:5
LH:5
end_of_record
SF:lib/src/language_helper.dart
DA:16,3
DA:22,1
DA:35,4
DA:38,7
DA:43,2
DA:46,1
DA:47,1
DA:53,3
DA:75,3
DA:80,2
DA:83,1
DA:106,1
DA:140,2
DA:142,1
DA:143,1
DA:144,1
DA:145,1
DA:146,1
DA:147,1
DA:148,1
DA:151,1
DA:152,1
DA:154,1
DA:155,1
DA:157,1
DA:158,1
DA:165,1
DA:166,1
DA:167,1
DA:168,1
DA:169,2
DA:170,1
DA:171,3
DA:172,3
DA:175,1
DA:178,2
DA:179,3
DA:180,2
DA:182,3
DA:183,1
DA:184,3
DA:187,1
DA:188,1
DA:193,1
DA:194,2
DA:198,1
DA:213,1
DA:214,4
DA:216,2
DA:217,1
DA:218,1
DA:219,1
DA:222,3
DA:224,2
DA:225,1
DA:228,1
DA:229,1
DA:232,1
DA:236,1
DA:237,2
DA:238,1
DA:239,1
DA:241,1
DA:242,1
DA:248,2
DA:249,1
DA:251,4
DA:252,2
DA:253,1
DA:256,3
DA:257,1
DA:258,2
DA:262,1
DA:263,2
DA:264,3
DA:265,2
DA:269,1
DA:273,1
DA:274,1
DA:287,1
DA:288,1
DA:289,1
DA:291,1
DA:292,1
DA:293,1
DA:294,1
DA:295,1
DA:298,2
DA:299,4
DA:300,2
DA:304,1
DA:305,1
DA:306,2
DA:308,2
DA:309,1
DA:310,1
DA:315,2
DA:316,2
DA:317,1
DA:322,1
DA:323,1
DA:325,2
DA:326,2
DA:328,1
DA:331,1
DA:332,1
DA:334,2
DA:335,2
DA:337,1
DA:340,1
DA:343,2
DA:344,2
DA:345,2
DA:346,4
DA:347,2
DA:350,1
DA:353,1
DA:354,1
DA:356,2
DA:358,1
DA:362,1
DA:363,2
DA:365,2
DA:367,4
DA:368,5
DA:375,1
DA:380,2
DA:381,1
DA:382,2
DA:383,1
DA:386,2
DA:387,1
DA:388,2
DA:391,1
DA:392,2
DA:393,1
DA:396,1
LF:137
LH:137
end_of_record
SF:lib/src/language_builder.dart
DA:7,1
DA:11,1
DA:22,1
DA:23,1
DA:31,1
DA:33,1
DA:34,2
DA:35,2
DA:41,1
DA:43,1
DA:46,1
DA:48,1
DA:49,1
DA:50,3
DA:51,4
DA:55,1
DA:56,1
DA:57,3
DA:58,3
DA:59,0
DA:60,0
DA:62,2
DA:65,5
DA:67,1
DA:70,1
DA:72,2
DA:73,3
DA:74,1
DA:77,1
DA:79,1
DA:80,1
DA:81,3
DA:95,1
DA:106,1
DA:108,1
DA:109,1
DA:110,1
DA:111,1
LF:38
LH:36
end_of_record
SF:lib/src/models/language_conditions.dart
DA:36,1
DA:42,1
DA:43,1
DA:44,1
DA:45,1
DA:50,1
DA:51,1
DA:52,1
DA:53,2
DA:58,3
DA:61,1
DA:62,2
DA:64,1
DA:66,3
DA:68,1
DA:72,1
DA:73,3
DA:74,3
DA:77,1
DA:78,5
LF:20
LH:20
end_of_record
SF:lib/src/utils/serializer.dart
DA:3,1
DA:4,2
DA:5,2
DA:6,1
DA:7,2
DA:10,1
DA:13,2
DA:17,1
DA:18,2
DA:20,2
DA:22,1
DA:23,1
DA:25,2
DA:29,1
DA:31,3
LF:15
LH:15
end_of_record
SF:lib/src/utils/print_debug.dart
DA:5,3
DA:6,3
LF:2
LH:2
end_of_record
