SF:lib/src/mixins/update_language.dart
DA:3,1
LF:1
LH:1
end_of_record
SF:lib/src/extensions/language_helper_extension.dart
DA:5,3
DA:12,1
DA:13,2
DA:20,1
DA:21,2
DA:25,1
DA:26,1
DA:27,1
LF:8
LH:8
end_of_record
SF:lib/src/extensions/serializer_extension.dart
DA:8,3
DA:11,2
DA:14,3
DA:17,1
DA:18,1
LF:5
LH:5
end_of_record
SF:lib/src/language_helper.dart
DA:16,3
DA:22,1
DA:38,4
DA:41,4
DA:44,7
DA:49,2
DA:57,3
DA:79,3
DA:84,2
DA:87,1
DA:110,1
DA:152,2
DA:154,1
DA:155,1
DA:156,1
DA:157,1
DA:158,1
DA:159,1
DA:160,1
DA:161,1
DA:164,1
DA:165,1
DA:167,1
DA:168,1
DA:170,1
DA:171,1
DA:178,1
DA:179,1
DA:180,1
DA:181,1
DA:182,2
DA:183,1
DA:184,3
DA:185,3
DA:188,1
DA:191,2
DA:192,3
DA:193,2
DA:195,3
DA:196,1
DA:197,3
DA:200,1
DA:201,1
DA:206,1
DA:207,2
DA:211,1
DA:226,1
DA:227,4
DA:229,4
DA:230,1
DA:231,1
DA:232,1
DA:235,6
DA:237,2
DA:238,1
DA:241,1
DA:242,1
DA:245,1
DA:249,1
DA:250,2
DA:251,1
DA:252,1
DA:254,1
DA:255,1
DA:261,2
DA:262,1
DA:264,4
DA:265,2
DA:266,1
DA:269,3
DA:270,1
DA:271,2
DA:275,1
DA:276,2
DA:277,3
DA:278,2
DA:282,1
DA:286,1
DA:287,1
DA:300,1
DA:301,1
DA:302,1
DA:304,1
DA:305,1
DA:306,1
DA:307,1
DA:308,1
DA:311,2
DA:312,4
DA:313,2
DA:317,1
DA:318,1
DA:319,2
DA:321,2
DA:322,1
DA:323,1
DA:328,2
DA:329,2
DA:330,1
DA:335,1
DA:336,1
DA:338,2
DA:339,3
DA:341,1
DA:344,1
DA:345,1
DA:347,2
DA:348,3
DA:350,1
DA:353,1
DA:356,2
DA:357,2
DA:358,2
DA:359,4
DA:360,3
DA:365,4
DA:368,1
DA:369,1
DA:371,2
DA:373,1
DA:377,1
DA:378,2
DA:380,2
DA:382,4
DA:383,5
DA:390,1
DA:395,2
DA:396,1
DA:397,2
DA:398,1
DA:401,2
DA:402,1
DA:403,2
DA:406,1
DA:407,2
DA:408,1
DA:411,1
DA:414,1
DA:415,1
LF:139
LH:139
end_of_record
SF:lib/src/language_builder.dart
DA:7,1
DA:11,1
DA:22,1
DA:23,1
DA:31,1
DA:33,1
DA:34,2
DA:35,2
DA:41,1
DA:43,1
DA:46,1
DA:48,1
DA:49,1
DA:50,3
DA:51,4
DA:55,1
DA:56,1
DA:57,3
DA:58,3
DA:59,0
DA:60,0
DA:62,2
DA:65,5
DA:67,1
DA:70,1
DA:72,2
DA:73,3
DA:74,1
DA:77,1
DA:79,1
DA:80,1
DA:81,3
DA:95,1
DA:106,1
DA:108,1
DA:109,1
DA:110,1
DA:111,1
LF:38
LH:36
end_of_record
SF:lib/src/models/language_conditions.dart
DA:36,1
DA:42,1
DA:43,1
DA:44,1
DA:45,1
DA:50,1
DA:51,1
DA:52,1
DA:53,2
DA:58,3
DA:61,1
DA:62,2
DA:64,1
DA:66,3
DA:68,1
DA:72,1
DA:73,3
DA:74,3
DA:77,1
DA:78,5
LF:20
LH:20
end_of_record
SF:lib/src/utils/serializer.dart
DA:3,1
DA:4,2
DA:5,2
DA:6,1
DA:7,2
DA:10,1
DA:13,2
DA:17,1
DA:18,2
DA:20,2
DA:22,1
DA:23,1
DA:25,2
DA:29,1
DA:31,3
LF:15
LH:15
end_of_record
SF:lib/src/utils/print_debug.dart
DA:5,3
DA:6,3
LF:2
LH:2
end_of_record
